0 info it worked if it ends with ok
1 verbose cli [ '/usr/local/bin/node', '/usr/local/bin/npm', 'doc', 'fromto' ]
2 info using npm@3.3.12
3 info using node@v5.2.0
4 silly docs [ 'fromto' ]
5 silly getDoc fromto
6 silly fetchPackageMetaData fromto
7 silly fetchNamedPackageData fromto
8 silly mapToRegistry name fromto
9 silly mapToRegistry using default registry
10 silly mapToRegistry registry https://registry.npmjs.org/
11 silly mapToRegistry uri https://registry.npmjs.org/fromto
12 verbose request uri https://registry.npmjs.org/fromto
13 verbose request no auth needed
14 info attempt registry request try #1 at 23:02:59
15 verbose request id 5783289c6a80b239
16 http request GET https://registry.npmjs.org/fromto
17 http 404 https://registry.npmjs.org/fromto
18 verbose headers { 'content-type': 'application/json',
18 verbose headers   'cache-control': 'max-age=0',
18 verbose headers   'content-length': '2',
18 verbose headers   'accept-ranges': 'bytes',
18 verbose headers   date: 'Thu, 22 Sep 2016 15:03:03 GMT',
18 verbose headers   via: '1.1 varnish',
18 verbose headers   age: '0',
18 verbose headers   connection: 'keep-alive',
18 verbose headers   'x-served-by': 'cache-lcy1133-LCY',
18 verbose headers   'x-cache': 'MISS',
18 verbose headers   'x-cache-hits': '0',
18 verbose headers   'x-timer': 'S1474556583.318990,VS0,VE112',
18 verbose headers   vary: 'Accept-Encoding' }
19 silly get cb [ 404,
19 silly get   { 'content-type': 'application/json',
19 silly get     'cache-control': 'max-age=0',
19 silly get     'content-length': '2',
19 silly get     'accept-ranges': 'bytes',
19 silly get     date: 'Thu, 22 Sep 2016 15:03:03 GMT',
19 silly get     via: '1.1 varnish',
19 silly get     age: '0',
19 silly get     connection: 'keep-alive',
19 silly get     'x-served-by': 'cache-lcy1133-LCY',
19 silly get     'x-cache': 'MISS',
19 silly get     'x-cache-hits': '0',
19 silly get     'x-timer': 'S1474556583.318990,VS0,VE112',
19 silly get     vary: 'Accept-Encoding' } ]
20 silly fetchPackageMetaData Error: Registry returned 404 for GET on https://registry.npmjs.org/fromto
20 silly fetchPackageMetaData     at makeError (/usr/local/lib/node_modules/npm/node_modules/npm-registry-client/lib/request.js:264:12)
20 silly fetchPackageMetaData     at CachingRegistryClient.<anonymous> (/usr/local/lib/node_modules/npm/node_modules/npm-registry-client/lib/request.js:242:14)
20 silly fetchPackageMetaData     at Request._callback (/usr/local/lib/node_modules/npm/node_modules/npm-registry-client/lib/request.js:172:14)
20 silly fetchPackageMetaData     at Request.self.callback (/usr/local/lib/node_modules/npm/node_modules/request/request.js:198:22)
20 silly fetchPackageMetaData     at emitTwo (events.js:88:13)
20 silly fetchPackageMetaData     at Request.emit (events.js:173:7)
20 silly fetchPackageMetaData     at Request.<anonymous> (/usr/local/lib/node_modules/npm/node_modules/request/request.js:1082:10)
20 silly fetchPackageMetaData     at emitOne (events.js:83:20)
20 silly fetchPackageMetaData     at Request.emit (events.js:170:7)
20 silly fetchPackageMetaData     at IncomingMessage.<anonymous> (/usr/local/lib/node_modules/npm/node_modules/request/request.js:1009:12)
20 silly fetchPackageMetaData  error for fromto { [Error: Registry returned 404 for GET on https://registry.npmjs.org/fromto] pkgid: 'fromto', statusCode: 404, code: 'E404' }
21 verbose stack Error: Registry returned 404 for GET on https://registry.npmjs.org/fromto
21 verbose stack     at makeError (/usr/local/lib/node_modules/npm/node_modules/npm-registry-client/lib/request.js:264:12)
21 verbose stack     at CachingRegistryClient.<anonymous> (/usr/local/lib/node_modules/npm/node_modules/npm-registry-client/lib/request.js:242:14)
21 verbose stack     at Request._callback (/usr/local/lib/node_modules/npm/node_modules/npm-registry-client/lib/request.js:172:14)
21 verbose stack     at Request.self.callback (/usr/local/lib/node_modules/npm/node_modules/request/request.js:198:22)
21 verbose stack     at emitTwo (events.js:88:13)
21 verbose stack     at Request.emit (events.js:173:7)
21 verbose stack     at Request.<anonymous> (/usr/local/lib/node_modules/npm/node_modules/request/request.js:1082:10)
21 verbose stack     at emitOne (events.js:83:20)
21 verbose stack     at Request.emit (events.js:170:7)
21 verbose stack     at IncomingMessage.<anonymous> (/usr/local/lib/node_modules/npm/node_modules/request/request.js:1009:12)
22 verbose statusCode 404
23 verbose pkgid fromto
24 verbose cwd /Users/user/Desktop/githubProjects/reveal.js
25 error Darwin 14.5.0
26 error argv "/usr/local/bin/node" "/usr/local/bin/npm" "doc" "fromto"
27 error node v5.2.0
28 error npm  v3.3.12
29 error code E404
30 error 404 Registry returned 404 for GET on https://registry.npmjs.org/fromto
30 error 404
30 error 404 'fromto' is not in the npm registry.
30 error 404 You should bug the author to publish it (or use the name yourself!)
30 error 404
30 error 404 Note that you can also install from a
30 error 404 tarball, folder, http url, or git url.
31 verbose exit [ 1, true ]
